<?xml version="1.0" encoding="UTF-8"?>
<testng-results skipped="0" failed="0" ignored="0" total="2" passed="2">
  <reporter-output>
  </reporter-output>
  <suite name="MEDPLUS" duration-ms="152189" started-at="2019-11-18T19:10:31Z" finished-at="2019-11-18T19:13:04Z">
    <groups>
    </groups>
    <test name="browser" duration-ms="152189" started-at="2019-11-18T19:10:31Z" finished-at="2019-11-18T19:13:04Z">
      <class name="com.MedPlus.TestCases.TC_pharmacyDDT_003">
        <test-method status="PASS" signature="intialize(java.lang.String)[pri:0, instance:com.MedPlus.TestCases.TC_pharmacyDDT_003@7e0ea639]" name="intialize" is-config="true" duration-ms="31794" started-at="2019-11-18T19:10:32Z" finished-at="2019-11-18T19:11:03Z">
          <params>
            <param index="0">
              <value>
                <![CDATA[firefox]]>
              </value>
            </param>
          </params>
          <reporter-output>
          </reporter-output>
        </test-method> <!-- intialize -->
        <test-method status="PASS" signature="pharmacy1()[pri:0, instance:com.MedPlus.TestCases.TC_pharmacyDDT_003@7e0ea639]" name="pharmacy1" duration-ms="50184" started-at="2019-11-18T19:11:04Z" finished-at="2019-11-18T19:11:54Z">
          <reporter-output>
          </reporter-output>
        </test-method> <!-- pharmacy1 -->
        <test-method status="PASS" signature="terminate()[pri:0, instance:com.MedPlus.TestCases.TC_pharmacyDDT_003@7e0ea639]" name="terminate" is-config="true" duration-ms="5440" started-at="2019-11-18T19:11:54Z" finished-at="2019-11-18T19:11:59Z">
          <reporter-output>
          </reporter-output>
        </test-method> <!-- terminate -->
      </class> <!-- com.MedPlus.TestCases.TC_pharmacyDDT_003 -->
      <class name="com.MedPlus.TestCases.TC_Redeem_Reward">
        <test-method status="PASS" signature="intialize(java.lang.String)[pri:0, instance:com.MedPlus.TestCases.TC_Redeem_Reward@3d24753a]" name="intialize" is-config="true" duration-ms="12694" started-at="2019-11-18T19:11:59Z" finished-at="2019-11-18T19:12:12Z">
          <params>
            <param index="0">
              <value>
                <![CDATA[firefox]]>
              </value>
            </param>
          </params>
          <reporter-output>
          </reporter-output>
        </test-method> <!-- intialize -->
        <test-method status="PASS" signature="red()[pri:0, instance:com.MedPlus.TestCases.TC_Redeem_Reward@3d24753a]" name="red" duration-ms="45750" started-at="2019-11-18T19:12:12Z" finished-at="2019-11-18T19:12:58Z">
          <reporter-output>
          </reporter-output>
        </test-method> <!-- red -->
        <test-method status="PASS" signature="terminate()[pri:0, instance:com.MedPlus.TestCases.TC_Redeem_Reward@3d24753a]" name="terminate" is-config="true" duration-ms="5620" started-at="2019-11-18T19:12:58Z" finished-at="2019-11-18T19:13:04Z">
          <reporter-output>
          </reporter-output>
        </test-method> <!-- terminate -->
      </class> <!-- com.MedPlus.TestCases.TC_Redeem_Reward -->
    </test> <!-- browser -->
  </suite> <!-- MEDPLUS -->
</testng-results>
